[2025-10-14T04:03:29.208Z] admin -> Thêm user duong
[2025-10-14T04:04:20.233Z] admin -> Cập nhật user ID 6 (duong)
[2025-10-14T04:11:28.093Z] admin -> Thêm user dsh
[2025-10-14T04:11:46.656Z] admin -> Khóa user ID 7
[2025-10-14T04:11:52.039Z] admin -> Mở khóa user ID 7
[2025-10-14T04:11:52.959Z] admin -> Khóa user ID 7
[2025-10-14T04:12:27.641Z] admin -> Mở khóa user ID 7
[2025-10-14T09:01:18.878Z] admin -> Update ID 2 (admin1)
[2025-10-14T09:01:20.945Z] admin -> Lock ID 2
[2025-10-14T09:01:22.130Z] admin -> Unlock ID 2
[2025-10-14T09:07:13.266Z] admin -> Lock ID 2
[2025-10-14T09:07:13.923Z] admin -> Unlock ID 2
[2025-10-14T09:10:18.752Z] admin -> Lock ID 2
[2025-10-14T09:10:29.629Z] admin -> Unlock ID 2
[2025-10-14T09:11:34.621Z] admin -> Create dsh272k4
[2025-10-14T09:37:03.355Z] admin -> Create zxcvbn
[2025-10-14T09:37:20.306Z] admin -> Delete zxcvbn (ID 7)
[2025-10-14T09:37:28.684Z] admin -> Create zxcvbn
[2025-10-14T09:37:33.969Z] admin -> Update ID 8 (zxcvbn1)
[2025-10-14T09:37:42.462Z] admin -> ResetPassword zxcvbn1 (ID 8)
[2025-10-14T09:38:47.454Z] admin -> Delete zxcvbn1 (ID 8)
[2025-10-14 16:41:03] admin -> Create zxcvbn
[2025-10-14 17:32:19] dsh272k4 -> Unlock ID 2
[2025-10-14 17:42:18] dsh272k4 -> Unlock ID 2
[2025-10-14 17:44:38] dsh272k4 -> Unlock ID 2
[2025-10-14 17:45:39] dsh272k4 -> ResetPassword admin1 (ID 2)
[2025-10-14 17:48:53] dsh272k4 -> Unlock ID 2
[2025-10-14 17:54:44] dsh272k4 -> Unlock ID 2
[2025-10-14 18:09:11] dsh272k4 -> Unlock ID 2
[2025-10-14 18:09:15] dsh272k4 -> ResetPassword admin1 (ID 2)
[2025-10-14 18:13:40] dsh272k4 -> Unlock ID 2
[2025-10-14 19:01:41] dsh272k4 -> Unlock ID 2
[2025-10-14 19:06:09] dsh272k4 -> Unlock ID 2
[2025-10-14 19:11:51] dsh272k4 -> Unlock ID 9
[2025-10-14 19:26:29] dsh272k4 -> ResetPassword zxcvbn (ID 9)
[2025-10-14 19:27:14] dsh272k4 -> Lock ID 10
[2025-10-14 19:27:14] dsh272k4 -> Unlock ID 10
[2025-10-14 19:27:30] dsh272k4 -> Lock ID 10
[2025-10-14 19:27:30] dsh272k4 -> Lock ID 9
[2025-10-14 19:31:46] dsh272k4 -> Unlock ID 10
[2025-10-14 19:31:47] dsh272k4 -> Unlock ID 9
[2025-10-14 19:39:01] admin -> Lock ID 2
[2025-10-14 19:40:03] dsh272k4 -> Unlock ID 2
[2025-10-14 19:40:04] dsh272k4 -> Lock ID 2
[2025-10-14 19:44:59] dsh272k4 -> Lock ID 2
[2025-10-14 19:47:18] dsh272k4 -> Lock ID 2
[2025-10-14 20:00:16] dsh272k4 -> Lock ID 2
[2025-10-14 20:00:27] dsh272k4 -> Unlock ID 2
[2025-10-14 20:00:33] dsh272k4 -> Lock ID 2
[2025-10-14 20:06:52] dsh272k4 -> Lock ID 11
[2025-10-14 20:18:24] admin -> Lock ID 9
[2025-10-14 20:35:55] admin -> Unlock ID 9
[2025-10-16 20:03:56] dsh272k4 -> Lock ID 14
[2025-10-16 20:04:00] dsh272k4 -> ResetPassword dsh272k43 (ID 15)
[2025-11-05 20:29:38] dsh272k4 -> ResetPassword zxcvbn (ID 9)
[2025-11-12 16:30:14] dsh272k4 -> Lock ID 13
[2025-11-12 16:30:15] dsh272k4 -> Unlock ID 13
[2025-11-12 16:31:00] dsh272k4 -> ResetPassword admin2 (ID 12)
